<?xml version="1.0" encoding="UTF-8"?>
<!-- Generated by org.testng.reporters.JUnitReportReporter -->
<testsuite hostname="Dmitriys-MBP.home" name="SuperMaven.GmailLoginTC" tests="1" failures="0" timestamp="15 Aug 2016 18:32:45 GMT" time="11.156" errors="0">
  <testcase name="Login" time="11.156" classname="SuperMaven.GmailLoginTC"/>
</testsuite> <!-- SuperMaven.GmailLoginTC -->
